0 info it worked if it ends with ok
1 verbose cli [ '/Users/wiz_yamauchi/.nodebrew/node/v5.10.1/bin/node',
1 verbose cli   '/Users/wiz_yamauchi/.nodebrew/current/bin/npm',
1 verbose cli   'start' ]
2 info using npm@3.8.3
3 info using node@v5.10.1
4 verbose run-script [ 'prestart', 'start', 'poststart' ]
5 info lifecycle react_webpack_babel@1.0.0~prestart: react_webpack_babel@1.0.0
6 silly lifecycle react_webpack_babel@1.0.0~prestart: no script for prestart, continuing
7 info lifecycle react_webpack_babel@1.0.0~start: react_webpack_babel@1.0.0
8 verbose lifecycle react_webpack_babel@1.0.0~start: unsafe-perm in lifecycle true
9 verbose lifecycle react_webpack_babel@1.0.0~start: PATH: /Users/wiz_yamauchi/.nodebrew/node/v5.10.1/lib/node_modules/npm/bin/node-gyp-bin:/Users/wiz_yamauchi/Desktop/study/react_webpack_babel/node_modules/.bin:/Users/wiz_yamauchi/.nodebrew/node/v5.10.1/bin:/Users/wiz_yamauchi/.rbenv/shims:/Users/wiz_yamauchi/.rbenv/bin:/Applications/MAMP/bin/php/php5.5.26/bin:/Users/wiz_yamauchi/.nodebrew/current/bin:/usr/local/bin:/usr/bin:/bin:/usr/sbin:/sbin:/Users/wiz_yamauchi/bin:/sbin:/usr/sbin:/usr/local/bin:/Users/wiz_yamauchi/.rvm/bin
10 verbose lifecycle react_webpack_babel@1.0.0~start: CWD: /Users/wiz_yamauchi/Desktop/study/react_webpack_babel
11 silly lifecycle react_webpack_babel@1.0.0~start: Args: [ '-c', 'webpack-dev-server' ]
12 silly lifecycle react_webpack_babel@1.0.0~start: Returned: code: 1  signal: null
13 info lifecycle react_webpack_babel@1.0.0~start: Failed to exec start script
14 verbose stack Error: react_webpack_babel@1.0.0 start: `webpack-dev-server`
14 verbose stack Exit status 1
14 verbose stack     at EventEmitter.<anonymous> (/Users/wiz_yamauchi/.nodebrew/node/v5.10.1/lib/node_modules/npm/lib/utils/lifecycle.js:239:16)
14 verbose stack     at emitTwo (events.js:100:13)
14 verbose stack     at EventEmitter.emit (events.js:185:7)
14 verbose stack     at ChildProcess.<anonymous> (/Users/wiz_yamauchi/.nodebrew/node/v5.10.1/lib/node_modules/npm/lib/utils/spawn.js:24:14)
14 verbose stack     at emitTwo (events.js:100:13)
14 verbose stack     at ChildProcess.emit (events.js:185:7)
14 verbose stack     at maybeClose (internal/child_process.js:850:16)
14 verbose stack     at Process.ChildProcess._handle.onexit (internal/child_process.js:215:5)
15 verbose pkgid react_webpack_babel@1.0.0
16 verbose cwd /Users/wiz_yamauchi/Desktop/study/react_webpack_babel
17 error Darwin 15.6.0
18 error argv "/Users/wiz_yamauchi/.nodebrew/node/v5.10.1/bin/node" "/Users/wiz_yamauchi/.nodebrew/current/bin/npm" "start"
19 error node v5.10.1
20 error npm  v3.8.3
21 error code ELIFECYCLE
22 error react_webpack_babel@1.0.0 start: `webpack-dev-server`
22 error Exit status 1
23 error Failed at the react_webpack_babel@1.0.0 start script 'webpack-dev-server'.
23 error Make sure you have the latest version of node.js and npm installed.
23 error If you do, this is most likely a problem with the react_webpack_babel package,
23 error not with npm itself.
23 error Tell the author that this fails on your system:
23 error     webpack-dev-server
23 error You can get information on how to open an issue for this project with:
23 error     npm bugs react_webpack_babel
23 error Or if that isn't available, you can get their info via:
23 error     npm owner ls react_webpack_babel
23 error There is likely additional logging output above.
24 verbose exit [ 1, true ]
